
PLAY [Install Clickhouse] ******************************************************

TASK [Gathering Facts] *********************************************************
ok: [clickhouse-1]

TASK [Get clickhouse distrib] **************************************************
changed: [clickhouse-1] => (item=clickhouse-client)
changed: [clickhouse-1] => (item=clickhouse-server)
failed: [clickhouse-1] (item=clickhouse-common-static) => {"ansible_loop_var": "item", "changed": false, "dest": "./clickhouse-common-static-22.3.3.44.rpm", "elapsed": 0, "item": "clickhouse-common-static", "msg": "Request failed", "response": "HTTP Error 404: Not Found", "status_code": 404, "url": "https://packages.clickhouse.com/rpm/stable/clickhouse-common-static-22.3.3.44.noarch.rpm"}

TASK [Get clickhouse distrib] **************************************************
changed: [clickhouse-1]

TASK [Install clickhouse packages] *********************************************
changed: [clickhouse-1]

TASK [Flush handlers] **********************************************************

RUNNING HANDLER [Start clickhouse service] *************************************
changed: [clickhouse-1]

TASK [Awaiting clickhouse server startup] **************************************
Pausing for 30 seconds (output is hidden)
(ctrl+C then 'C' = continue early, ctrl+C then 'A' = abort)
ok: [clickhouse-1]

TASK [Create database] *********************************************************
changed: [clickhouse-1]

PLAY [Install Vector] **********************************************************

TASK [Gathering Facts] *********************************************************
ok: [vector-1]

TASK [Download vector packages] ************************************************
changed: [vector-1]

TASK [Install vector packages] *************************************************
changed: [vector-1]

TASK [Apply vector template] ***************************************************
--- before
+++ after: /home/t1/.ansible/tmp/ansible-local-13547eo2wn95e/tmp3h4e1zwi/vector.yml.j2
@@ -0,0 +1,15 @@
+sinks:
+    to_clickhouse:
+        compression: gzip
+        database: logs
+        endpoint: demo
+        healthcheck: true
+        inputs:
+        - demo_logs
+        skip_unknown_fields: true
+        table: vector_table
+        type: clickhouse
+sources:
+    demo_logs:
+        format: syslog
+        type: demo_logs

changed: [vector-1]

TASK [Change vector systemd unit] **********************************************
--- before: /usr/lib/systemd/system/vector.service
+++ after: /home/t1/.ansible/tmp/ansible-local-13547eo2wn95e/tmpgyrkkzar/vector.service.j2
@@ -5,18 +5,10 @@
 Requires=network-online.target
 
 [Service]
-User=vector
-Group=vector
-ExecStartPre=/usr/bin/vector validate
-ExecStart=/usr/bin/vector
-ExecReload=/usr/bin/vector validate
+User=admin
+Group=admin
+ExecStart=/usr/bin/vector --config /etc/vector/vector.yml
 ExecReload=/bin/kill -HUP $MAINPID
 Restart=always
-AmbientCapabilities=CAP_NET_BIND_SERVICE
-EnvironmentFile=-/etc/default/vector
-# Since systemd 229, should be in [Unit] but in order to support systemd <229,
-# it is also supported to have it here.
-StartLimitInterval=10
-StartLimitBurst=5
 [Install]
-WantedBy=multi-user.target
+WantedBy=multi-user.target
\ No newline at end of file

changed: [vector-1]

TASK [Awaiting vector service startup] *****************************************
Pausing for 30 seconds (output is hidden)
(ctrl+C then 'C' = continue early, ctrl+C then 'A' = abort)
ok: [vector-1]

PLAY RECAP *********************************************************************
clickhouse-1               : ok=6    changed=4    unreachable=0    failed=0    skipped=0    rescued=1    ignored=0   
vector-1                   : ok=6    changed=4    unreachable=0    failed=0    skipped=0    rescued=0    ignored=0   

