
PLAY [Install Clickhouse] ******************************************************

TASK [Gathering Facts] *********************************************************
ok: [clickhouse-1]

TASK [Get clickhouse distrib] **************************************************
ok: [clickhouse-1] => (item=clickhouse-client)
ok: [clickhouse-1] => (item=clickhouse-server)
failed: [clickhouse-1] (item=clickhouse-common-static) => {"ansible_loop_var": "item", "changed": false, "dest": "./clickhouse-common-static-22.3.3.44.rpm", "elapsed": 0, "gid": 1000, "group": "admin", "item": "clickhouse-common-static", "mode": "0644", "msg": "Request failed", "owner": "admin", "response": "HTTP Error 404: Not Found", "secontext": "unconfined_u:object_r:user_home_t:s0", "size": 246310036, "state": "file", "status_code": 404, "uid": 1000, "url": "https://packages.clickhouse.com/rpm/stable/clickhouse-common-static-22.3.3.44.noarch.rpm"}

TASK [Get clickhouse distrib] **************************************************
ok: [clickhouse-1]

TASK [Install clickhouse packages] *********************************************
ok: [clickhouse-1]

TASK [Flush handlers] **********************************************************

TASK [Awaiting clickhouse server startup] **************************************
Pausing for 30 seconds (output is hidden)
(ctrl+C then 'C' = continue early, ctrl+C then 'A' = abort)
ok: [clickhouse-1]

TASK [Create database] *********************************************************
ok: [clickhouse-1]

PLAY [Install Vector] **********************************************************

TASK [Gathering Facts] *********************************************************
ok: [vector-1]

TASK [Download vector packages] ************************************************
ok: [vector-1]

TASK [Install vector packages] *************************************************
ok: [vector-1]

TASK [Apply vector template] ***************************************************
ok: [vector-1]

TASK [Change vector systemd unit] **********************************************
ok: [vector-1]

TASK [Awaiting vector service startup] *****************************************
Pausing for 30 seconds (output is hidden)
(ctrl+C then 'C' = continue early, ctrl+C then 'A' = abort)
ok: [vector-1]

PLAY RECAP *********************************************************************
clickhouse-1               : ok=5    changed=0    unreachable=0    failed=0    skipped=0    rescued=1    ignored=0   
vector-1                   : ok=6    changed=0    unreachable=0    failed=0    skipped=0    rescued=0    ignored=0   

