
PLAY [Install Clickhouse] ******************************************************

TASK [Gathering Facts] *********************************************************
ok: [clickhouse-1]

TASK [Get clickhouse distrib] **************************************************
changed: [clickhouse-1] => (item=clickhouse-client)
changed: [clickhouse-1] => (item=clickhouse-server)
failed: [clickhouse-1] (item=clickhouse-common-static) => {"ansible_loop_var": "item", "changed": false, "dest": "./clickhouse-common-static-22.3.3.44.rpm", "elapsed": 0, "item": "clickhouse-common-static", "msg": "Request failed", "response": "HTTP Error 404: Not Found", "status_code": 404, "url": "https://packages.clickhouse.com/rpm/stable/clickhouse-common-static-22.3.3.44.noarch.rpm"}

TASK [Get clickhouse distrib] **************************************************
changed: [clickhouse-1]

TASK [Install clickhouse packages] *********************************************
changed: [clickhouse-1]

TASK [Flush handlers] **********************************************************

RUNNING HANDLER [Start clickhouse service] *************************************
changed: [clickhouse-1]

TASK [Awaiting clickhouse server startup] **************************************
Pausing for 30 seconds (output is hidden)
(ctrl+C then 'C' = continue early, ctrl+C then 'A' = abort)
ok: [clickhouse-1]

TASK [Create database] *********************************************************
changed: [clickhouse-1]

PLAY [Install Vector] **********************************************************

TASK [Gathering Facts] *********************************************************
ok: [vector-1]

TASK [Download vector packages] ************************************************
changed: [vector-1]

TASK [Install vector packages] *************************************************
changed: [vector-1]

TASK [Apply vector template] ***************************************************
--- before
+++ after: /home/t1/.ansible/tmp/ansible-local-42493mjmxsmel/tmp00cuj06x/vector.yml.j2
@@ -0,0 +1,15 @@
+sinks:
+    to_clickhouse:
+        compression: gzip
+        database: logs
+        endpoint: demo
+        healthcheck: true
+        inputs:
+        - demo_logs
+        skip_unknown_fields: true
+        table: vector_table
+        type: clickhouse
+sources:
+    demo_logs:
+        format: syslog
+        type: demo_logs

changed: [vector-1]

TASK [Change vector systemd unit] **********************************************
--- before: /usr/lib/systemd/system/vector.service
+++ after: /home/t1/.ansible/tmp/ansible-local-42493mjmxsmel/tmp309klt1t/vector.service.j2
@@ -5,18 +5,10 @@
 Requires=network-online.target
 
 [Service]
-User=vector
-Group=vector
-ExecStartPre=/usr/bin/vector validate
-ExecStart=/usr/bin/vector
-ExecReload=/usr/bin/vector validate
+User=admin
+Group=admin
+ExecStart=/usr/bin/vector --config /etc/vector/vector.yml
 ExecReload=/bin/kill -HUP $MAINPID
 Restart=always
-AmbientCapabilities=CAP_NET_BIND_SERVICE
-EnvironmentFile=-/etc/default/vector
-# Since systemd 229, should be in [Unit] but in order to support systemd <229,
-# it is also supported to have it here.
-StartLimitInterval=10
-StartLimitBurst=5
 [Install]
-WantedBy=multi-user.target
+WantedBy=multi-user.target
\ No newline at end of file

changed: [vector-1]

TASK [Awaiting vector service startup] *****************************************
Pausing for 30 seconds (output is hidden)
(ctrl+C then 'C' = continue early, ctrl+C then 'A' = abort)
ok: [vector-1]

PLAY [Install Lighthouse] ******************************************************

TASK [Gathering Facts] *********************************************************
ok: [lighthouse-1]

TASK [Install epel-release] ****************************************************
changed: [lighthouse-1]

TASK [Install nginx] ***********************************************************
changed: [lighthouse-1]

TASK [Apply nginx config] ******************************************************
--- before: /etc/nginx/nginx.conf
+++ after: /home/t1/.ansible/tmp/ansible-local-42493mjmxsmel/tmpqcj49o4n/nginx.conf.j2
@@ -1,84 +1,40 @@
-# For more information on configuration, see:
-#   * Official English Documentation: http://nginx.org/en/docs/
-#   * Official Russian Documentation: http://nginx.org/ru/docs/
+user admin;
+worker_processes 1;
 
-user nginx;
-worker_processes auto;
-error_log /var/log/nginx/error.log;
-pid /run/nginx.pid;
-
-# Load dynamic modules. See /usr/share/doc/nginx/README.dynamic.
-include /usr/share/nginx/modules/*.conf;
+error_log /var/log/nginx/error.log info;
+pid /var/run/nginx.pid;
 
 events {
-    worker_connections 1024;
+    worker_connections  1024;
 }
 
 http {
+    include       mime.types;
+    default_type  application/octet-stream;
+
     log_format  main  '$remote_addr - $remote_user [$time_local] "$request" '
                       '$status $body_bytes_sent "$http_referer" '
                       '"$http_user_agent" "$http_x_forwarded_for"';
 
-    access_log  /var/log/nginx/access.log  main;
+    sendfile        on;
 
-    sendfile            on;
-    tcp_nopush          on;
-    tcp_nodelay         on;
-    keepalive_timeout   65;
-    types_hash_max_size 4096;
-
-    include             /etc/nginx/mime.types;
-    default_type        application/octet-stream;
-
-    # Load modular configuration files from the /etc/nginx/conf.d directory.
-    # See http://nginx.org/en/docs/ngx_core_module.html#include
-    # for more information.
-    include /etc/nginx/conf.d/*.conf;
+    keepalive_timeout  65;
 
     server {
         listen       80;
-        listen       [::]:80;
-        server_name  _;
-        root         /usr/share/nginx/html;
+        server_name  localhost;
 
-        # Load configuration files for the default server block.
-        include /etc/nginx/default.d/*.conf;
+        access_log  /var/log/nginx/lighthouse.access.log  main;
 
-        error_page 404 /404.html;
-        location = /404.html {
+        location / {
+            root   /etc/lighthouse;
+            index  index.html;
         }
 
-        error_page 500 502 503 504 /50x.html;
+        error_page   500 502 503 504  /50x.html;
         location = /50x.html {
+            root   html;
         }
     }
 
-# Settings for a TLS enabled server.
-#
-#    server {
-#        listen       443 ssl http2;
-#        listen       [::]:443 ssl http2;
-#        server_name  _;
-#        root         /usr/share/nginx/html;
-#
-#        ssl_certificate "/etc/pki/nginx/server.crt";
-#        ssl_certificate_key "/etc/pki/nginx/private/server.key";
-#        ssl_session_cache shared:SSL:1m;
-#        ssl_session_timeout  10m;
-#        ssl_ciphers PROFILE=SYSTEM;
-#        ssl_prefer_server_ciphers on;
-#
-#        # Load configuration files for the default server block.
-#        include /etc/nginx/default.d/*.conf;
-#
-#        error_page 404 /404.html;
-#            location = /40x.html {
-#        }
-#
-#        error_page 500 502 503 504 /50x.html;
-#            location = /50x.html {
-#        }
-#    }
-
-}
-
+}
\ No newline at end of file

changed: [lighthouse-1]

TASK [Install git] *************************************************************
changed: [lighthouse-1]

TASK [Clone lighthouse repository] *********************************************
>> Newly checked out d701335c25cd1bb9b5155711190bad8ab852c2ce
changed: [lighthouse-1]

TASK [Apply lighthouse config] *************************************************
--- before
+++ after: /home/t1/.ansible/tmp/ansible-local-42493mjmxsmel/tmpce_py9ie/lighthouse.conf.j2
@@ -0,0 +1,10 @@
+server {
+    listen    80;
+	server_name localhost;
+	location / {
+	
+	    root /etc/lighthouse;
+		index index.html;
+	
+	}
+}
\ No newline at end of file

changed: [lighthouse-1]

RUNNING HANDLER [Reload nginx] *************************************************
changed: [lighthouse-1]

PLAY RECAP *********************************************************************
clickhouse-1               : ok=6    changed=4    unreachable=0    failed=0    skipped=0    rescued=1    ignored=0   
lighthouse-1               : ok=8    changed=7    unreachable=0    failed=0    skipped=0    rescued=0    ignored=0   
vector-1                   : ok=6    changed=4    unreachable=0    failed=0    skipped=0    rescued=0    ignored=0   

